<?xml version="1.0" encoding="UTF-8"?>
<!-- Generated by org.testng.reporters.JUnitReportReporter -->
<testsuite hostname="DESKTOP-2IQ5PNU" failures="0" tests="1" name="RestAssured_Practice.TestOnLocalHostApi" time="1.417" errors="0" timestamp="2025-08-16T01:49:40 IST" skipped="0">
  <testcase classname="RestAssured_Practice.TestOnLocalHostApi" name="Put_Request_Test" time="1.417"/>
  <system-out/>
</testsuite> <!-- RestAssured_Practice.TestOnLocalHostApi -->
