<?xml version="1.0" encoding="UTF-8"?>
<!-- Generated by org.testng.reporters.JUnitReportReporter -->
<testsuite hostname="DESKTOP-2IQ5PNU" failures="0" tests="4" name="RestAssured_Practice.TestOnLocalHostApi" time="1.586" errors="0" timestamp="2025-08-18T21:08:04 IST" skipped="0">
  <testcase classname="RestAssured_Practice.TestOnLocalHostApi" name="Get_Request_Test" time="1.449"/>
  <system-out/>
  <testcase classname="RestAssured_Practice.TestOnLocalHostApi" name="Post_Request_Test" time="0.044"/>
  <system-out/>
  <testcase classname="RestAssured_Practice.TestOnLocalHostApi" name="Put_Request_Test" time="0.078"/>
  <system-out/>
  <testcase classname="RestAssured_Practice.TestOnLocalHostApi" name="Delete_Request_Test" time="0.015"/>
  <system-out/>
</testsuite> <!-- RestAssured_Practice.TestOnLocalHostApi -->
