<?xml version="1.0" encoding="UTF-8"?>
<!-- Generated by org.testng.reporters.JUnitReportReporter -->
<testsuite hostname="DESKTOP-2IQ5PNU" failures="0" tests="1" name="RestAssured_Practice.GET_Request" time="1.905" errors="0" timestamp="2025-08-13T09:18:34 IST" skipped="0">
  <testcase classname="RestAssured_Practice.GET_Request" name="test_1" time="1.905"/>
  <system-out/>
</testsuite> <!-- RestAssured_Practice.GET_Request -->
