<?xml version="1.0" encoding="UTF-8"?>
<!-- Generated by org.testng.reporters.JUnitReportReporter -->
<testsuite hostname="DESKTOP-2IQ5PNU" failures="0" tests="2" name="RestAssured_Practice.GET_Request" time="2.544" errors="0" timestamp="2025-08-14T09:20:05 IST" skipped="0">
  <testcase classname="RestAssured_Practice.GET_Request" name="test_1" time="1.613"/>
  <system-out/>
  <testcase classname="RestAssured_Practice.GET_Request" name="test_2" time="0.931"/>
  <system-out/>
</testsuite> <!-- RestAssured_Practice.GET_Request -->
